<?xml version="1.0" encoding="UTF-8"?>
<!-- Generated by org.testng.reporters.JUnitXMLReporter -->
<testsuite hostname="DESKTOP-KRLAL0I" ignored="1" name="Default test" tests="2" failures="0" timestamp="15 Apr 2019 14:04:13 GMT" time="0.083" errors="0">
  <testcase name="f" time="0.022" classname="com.pack.testNG.TC_102"/>
  <testcase name="a" time="0.003" classname="com.pack.testNG.TC_102"/>
  <testcase name="x" time="0.0" classname="com.pack.testNG.TC_102">
    <ignored/>
  </testcase> <!-- x -->
</testsuite> <!-- Default test -->
