<?xml version="1.0" encoding="UTF-8"?>
<testng-results skipped="0" failed="0" ignored="1" total="3" passed="2">
  <reporter-output>
  </reporter-output>
  <suite name="Default suite" duration-ms="83" started-at="2019-04-15T14:04:13Z" finished-at="2019-04-15T14:04:13Z">
    <groups>
    </groups>
    <test name="Default test" duration-ms="83" started-at="2019-04-15T14:04:13Z" finished-at="2019-04-15T14:04:13Z">
      <class name="com.pack.testNG.TC_102">
        <test-method status="PASS" signature="beforeSuite()[pri:0, instance:com.pack.testNG.TC_102@5419f379]" name="beforeSuite" is-config="true" duration-ms="19" started-at="2019-04-15T19:34:13Z" finished-at="2019-04-15T19:34:13Z">
          <reporter-output>
          </reporter-output>
        </test-method> <!-- beforeSuite -->
        <test-method status="PASS" signature="beforeTest()[pri:0, instance:com.pack.testNG.TC_102@5419f379]" name="beforeTest" is-config="true" duration-ms="0" started-at="2019-04-15T19:34:13Z" finished-at="2019-04-15T19:34:13Z">
          <reporter-output>
          </reporter-output>
        </test-method> <!-- beforeTest -->
        <test-method status="PASS" signature="beforeClass()[pri:0, instance:com.pack.testNG.TC_102@5419f379]" name="beforeClass" is-config="true" duration-ms="0" started-at="2019-04-15T19:34:13Z" finished-at="2019-04-15T19:34:13Z">
          <reporter-output>
          </reporter-output>
        </test-method> <!-- beforeClass -->
        <test-method status="PASS" signature="beforeMethod()[pri:0, instance:com.pack.testNG.TC_102@5419f379]" name="beforeMethod" is-config="true" duration-ms="1" started-at="2019-04-15T19:34:13Z" finished-at="2019-04-15T19:34:13Z">
          <reporter-output>
          </reporter-output>
        </test-method> <!-- beforeMethod -->
        <test-method status="PASS" signature="f()[pri:1, instance:com.pack.testNG.TC_102@5419f379]" name="f" duration-ms="22" started-at="2019-04-15T19:34:13Z" finished-at="2019-04-15T19:34:13Z">
          <reporter-output>
          </reporter-output>
        </test-method> <!-- f -->
        <test-method status="PASS" signature="afterMethod()[pri:0, instance:com.pack.testNG.TC_102@5419f379]" name="afterMethod" is-config="true" duration-ms="1" started-at="2019-04-15T19:34:13Z" finished-at="2019-04-15T19:34:13Z">
          <reporter-output>
          </reporter-output>
        </test-method> <!-- afterMethod -->
        <test-method status="PASS" signature="a()[pri:3, instance:com.pack.testNG.TC_102@5419f379]" name="a" duration-ms="3" started-at="2019-04-15T19:34:13Z" finished-at="2019-04-15T19:34:13Z">
          <reporter-output>
          </reporter-output>
        </test-method> <!-- a -->
        <test-method status="PASS" signature="beforeMethod()[pri:0, instance:com.pack.testNG.TC_102@5419f379]" name="beforeMethod" is-config="true" duration-ms="0" started-at="2019-04-15T19:34:13Z" finished-at="2019-04-15T19:34:13Z">
          <reporter-output>
          </reporter-output>
        </test-method> <!-- beforeMethod -->
        <test-method status="PASS" signature="afterMethod()[pri:0, instance:com.pack.testNG.TC_102@5419f379]" name="afterMethod" is-config="true" duration-ms="2" started-at="2019-04-15T19:34:13Z" finished-at="2019-04-15T19:34:13Z">
          <reporter-output>
          </reporter-output>
        </test-method> <!-- afterMethod -->
        <test-method status="PASS" signature="afterClass()[pri:0, instance:com.pack.testNG.TC_102@5419f379]" name="afterClass" is-config="true" duration-ms="0" started-at="2019-04-15T19:34:13Z" finished-at="2019-04-15T19:34:13Z">
          <reporter-output>
          </reporter-output>
        </test-method> <!-- afterClass -->
        <test-method status="PASS" signature="afterTest()[pri:0, instance:com.pack.testNG.TC_102@5419f379]" name="afterTest" is-config="true" duration-ms="0" started-at="2019-04-15T19:34:13Z" finished-at="2019-04-15T19:34:13Z">
          <reporter-output>
          </reporter-output>
        </test-method> <!-- afterTest -->
        <test-method status="PASS" signature="afterSuite()[pri:0, instance:com.pack.testNG.TC_102@5419f379]" name="afterSuite" is-config="true" duration-ms="1" started-at="2019-04-15T19:34:14Z" finished-at="2019-04-15T19:34:14Z">
          <reporter-output>
          </reporter-output>
        </test-method> <!-- afterSuite -->
      </class> <!-- com.pack.testNG.TC_102 -->
    </test> <!-- Default test -->
  </suite> <!-- Default suite -->
</testng-results>
