<?xml version="1.0" encoding="UTF-8"?>
<!-- Generated by org.testng.reporters.JUnitXMLReporter -->
<testsuite hostname="DESKTOP-KRLAL0I" ignored="0" name="ChromeTest" tests="4" failures="0" timestamp="16 Apr 2019 14:08:02 GMT" time="53.775" errors="0">
  <testcase name="amazon" time="10.76" classname="com.pack.testNG.TC_103"/>
  <testcase name="checkboxTest" time="0.139" classname="com.pack.testNG.CheckBox1"/>
  <testcase name="checkboxTest" time="0.395" classname="com.pack.testNG.RadioButton1"/>
  <testcase name="linktesting1" time="1.433" classname="com.pack.testNG.LinksTesting1"/>
</testsuite> <!-- ChromeTest -->
