<?xml version="1.0" encoding="UTF-8"?>
<!-- Generated by org.testng.reporters.JUnitXMLReporter -->
<testsuite hostname="DESKTOP-KRLAL0I" ignored="0" name="FirefoxTest" tests="4" failures="0" timestamp="16 Apr 2019 14:10:21 GMT" time="138.923" errors="0">
  <testcase name="amazon" time="23.422" classname="com.pack.testNG.TC_103"/>
  <testcase name="checkboxTest" time="0.442" classname="com.pack.testNG.CheckBox1"/>
  <testcase name="checkboxTest" time="0.848" classname="com.pack.testNG.RadioButton1"/>
  <testcase name="linktesting1" time="5.053" classname="com.pack.testNG.LinksTesting1"/>
</testsuite> <!-- FirefoxTest -->
