<?xml version="1.0" encoding="UTF-8"?>
<!-- Generated by org.testng.reporters.JUnitXMLReporter -->
<testsuite hostname="DESKTOP-KRLAL0I" ignored="0" name="smokeTest" tests="4" failures="0" timestamp="16 Apr 2019 13:50:21 GMT" time="121.437" errors="0">
  <testcase name="amazon" time="40.124" classname="com.pack.testNG.TC_103"/>
  <testcase name="checkboxTest" time="0.56" classname="com.pack.testNG.CheckBox1"/>
  <testcase name="checkboxTest" time="0.162" classname="com.pack.testNG.RadioButton1"/>
  <testcase name="linktesting1" time="7.374" classname="com.pack.testNG.LinksTesting1"/>
</testsuite> <!-- smokeTest -->
