<?xml version="1.0" encoding="UTF-8"?>
<!-- Generated by org.testng.reporters.JUnitXMLReporter -->
<testsuite hostname="DESKTOP-KRLAL0I" ignored="1" name="MyTest" tests="4" failures="0" timestamp="16 Apr 2019 13:37:41 GMT" time="17.983" errors="0">
  <testcase name="amazon" time="15.908" classname="com.pack.testNG.TC_103"/>
  <testcase name="f" time="0.003" classname="com.pack.testNG.TC_101"/>
  <testcase name="f" time="0.002" classname="com.pack.testNG.TC_102"/>
  <testcase name="a" time="0.004" classname="com.pack.testNG.TC_102"/>
  <testcase name="x" time="0.0" classname="com.pack.testNG.TC_102">
    <ignored/>
  </testcase> <!-- x -->
</testsuite> <!-- MyTest -->
